# JRE version: OpenJDK Runtime Environment (21.0.10) (build 21.0.10+-14961533-b1163.108)
# Java VM: OpenJDK 64-Bit Server VM (21.0.10+-14961533-b1163.108, mixed mode, tiered, compressed oops, compressed class ptrs, g1 gc, windows-amd64)
GC Precious Log:
 CardTable entry size: 512
 Card Set container configuration: InlinePtr #cards 4 size 8 Array Of Cards #cards 16 size 48 Howl #buckets 8 coarsen threshold 3686 Howl Bitmap #cards 512 size 80 coarsen threshold 460 Card regions per heap region 1 cards per card region 4096
 CPUs: 8 total, 8 available
 Memory: 15718M
 Large Page Support: Disabled
 NUMA Support: Disabled
 Compressed Oops: Enabled (Zero based)
 Heap Region Size: 2M
 Heap Min Capacity: 8M
 Heap Initial Capacity: 246M
 Heap Max Capacity: 3930M
 Pre-touch: Disabled
 Parallel Workers: 8
 Concurrent Workers: 2
 Concurrent Refinement Workers: 8
 Periodic GC: Disabled
Heap:
 garbage-first heap   total 331776K, used 226060K [0x000000070a600000, 0x0000000800000000)
  region size 2048K, 17 young (34816K), 5 survivors (10240K)
 Metaspace       used 100437K, committed 100864K, reserved 1179648K
  class space    used 10199K, committed 10368K, reserved 1048576K
GC Heap History (20 events):
Event: 96.479 GC heap before
{Heap before GC invocations=30 (full 0):
 garbage-first heap   total 233472K, used 195130K [0x000000070a600000, 0x0000000800000000)
  region size 2048K, 31 young (63488K), 3 survivors (6144K)
 Metaspace       used 62407K, committed 62656K, reserved 1114112K
  class space    used 6909K, committed 7040K, reserved 1048576K
}
Event: 96.505 GC heap after
{Heap after GC invocations=31 (full 0):
 garbage-first heap   total 233472K, used 140905K [0x000000070a600000, 0x0000000800000000)
  region size 2048K, 3 young (6144K), 3 survivors (6144K)
 Metaspace       used 62407K, committed 62656K, reserved 1114112K
  class space    used 6909K, committed 7040K, reserved 1048576K
}
Event: 104.275 GC heap before
{Heap before GC invocations=31 (full 0):
 garbage-first heap   total 233472K, used 210537K [0x000000070a600000, 0x0000000800000000)
  region size 2048K, 37 young (75776K), 3 survivors (6144K)
 Metaspace       used 66562K, committed 66880K, reserved 1114112K
  class space    used 7234K, committed 7360K, reserved 1048576K
}
Event: 104.307 GC heap after
{Heap after GC invocations=32 (full 0):
 garbage-first heap   total 233472K, used 145838K [0x000000070a600000, 0x0000000800000000)
  region size 2048K, 5 young (10240K), 5 survivors (10240K)
 Metaspace       used 66562K, committed 66880K, reserved 1114112K
  class space    used 7234K, committed 7360K, reserved 1048576K
}
Event: 110.272 GC heap before
{Heap before GC invocations=32 (full 0):
 garbage-first heap   total 233472K, used 211374K [0x000000070a600000, 0x0000000800000000)
  region size 2048K, 37 young (75776K), 5 survivors (10240K)
 Metaspace       used 67388K, committed 67712K, reserved 1114112K
  class space    used 7258K, committed 7424K, reserved 1048576K
}
Event: 110.303 GC heap after
{Heap after GC invocations=33 (full 0):
 garbage-first heap   total 233472K, used 153288K [0x000000070a600000, 0x0000000800000000)
  region size 2048K, 4 young (8192K), 4 survivors (8192K)
 Metaspace       used 67388K, committed 67712K, reserved 1114112K
  class space    used 7258K, committed 7424K, reserved 1048576K
}
Event: 115.249 GC heap before
{Heap before GC invocations=34 (full 0):
 garbage-first heap   total 260096K, used 212680K [0x000000070a600000, 0x0000000800000000)
  region size 2048K, 33 young (67584K), 4 survivors (8192K)
 Metaspace       used 73791K, committed 74112K, reserved 1179648K
  class space    used 7828K, committed 8000K, reserved 1048576K
}
Event: 115.280 GC heap after
{Heap after GC invocations=35 (full 0):
 garbage-first heap   total 260096K, used 162109K [0x000000070a600000, 0x0000000800000000)
  region size 2048K, 5 young (10240K), 5 survivors (10240K)
 Metaspace       used 73791K, committed 74112K, reserved 1179648K
  class space    used 7828K, committed 8000K, reserved 1048576K
}
Event: 121.279 GC heap before
{Heap before GC invocations=35 (full 0):
 garbage-first heap   total 260096K, used 233789K [0x000000070a600000, 0x0000000800000000)
  region size 2048K, 40 young (81920K), 5 survivors (10240K)
 Metaspace       used 78825K, committed 79104K, reserved 1179648K
  class space    used 8232K, committed 8384K, reserved 1048576K
}
Event: 121.318 GC heap after
{Heap after GC invocations=36 (full 0):
 garbage-first heap   total 260096K, used 170657K [0x000000070a600000, 0x0000000800000000)
  region size 2048K, 5 young (10240K), 5 survivors (10240K)
 Metaspace       used 78825K, committed 79104K, reserved 1179648K
  class space    used 8232K, committed 8384K, reserved 1048576K
}
Event: 124.673 GC heap before
{Heap before GC invocations=36 (full 0):
 garbage-first heap   total 260096K, used 236193K [0x000000070a600000, 0x0000000800000000)
  region size 2048K, 37 young (75776K), 5 survivors (10240K)
 Metaspace       used 80113K, committed 80448K, reserved 1179648K
  class space    used 8333K, committed 8448K, reserved 1048576K
}
Event: 124.707 GC heap after
{Heap after GC invocations=37 (full 0):
 garbage-first heap   total 260096K, used 182116K [0x000000070a600000, 0x0000000800000000)
  region size 2048K, 5 young (10240K), 5 survivors (10240K)
 Metaspace       used 80113K, committed 80448K, reserved 1179648K
  class space    used 8333K, committed 8448K, reserved 1048576K
}
Event: 127.681 GC heap before
{Heap before GC invocations=38 (full 0):
 garbage-first heap   total 305152K, used 237412K [0x000000070a600000, 0x0000000800000000)
  region size 2048K, 32 young (65536K), 5 survivors (10240K)
 Metaspace       used 82331K, committed 82624K, reserved 1179648K
  class space    used 8529K, committed 8640K, reserved 1048576K
}
Event: 127.706 GC heap after
{Heap after GC invocations=39 (full 0):
 garbage-first heap   total 305152K, used 188650K [0x000000070a600000, 0x0000000800000000)
  region size 2048K, 3 young (6144K), 3 survivors (6144K)
 Metaspace       used 82331K, committed 82624K, reserved 1179648K
  class space    used 8529K, committed 8640K, reserved 1048576K
}
Event: 133.771 GC heap before
{Heap before GC invocations=39 (full 0):
 garbage-first heap   total 305152K, used 272618K [0x000000070a600000, 0x0000000800000000)
  region size 2048K, 44 young (90112K), 3 survivors (6144K)
 Metaspace       used 93396K, committed 93760K, reserved 1179648K
  class space    used 9681K, committed 9856K, reserved 1048576K
}
Event: 133.791 GC heap after
{Heap after GC invocations=40 (full 0):
 garbage-first heap   total 305152K, used 193322K [0x000000070a600000, 0x0000000800000000)
  region size 2048K, 5 young (10240K), 5 survivors (10240K)
 Metaspace       used 93396K, committed 93760K, reserved 1179648K
  class space    used 9681K, committed 9856K, reserved 1048576K
}
Event: 137.118 GC heap before
{Heap before GC invocations=40 (full 0):
 garbage-first heap   total 305152K, used 244522K [0x000000070a600000, 0x0000000800000000)
  region size 2048K, 31 young (63488K), 5 survivors (10240K)
 Metaspace       used 94271K, committed 94592K, reserved 1179648K
  class space    used 9699K, committed 9856K, reserved 1048576K
}
Event: 137.158 GC heap after
{Heap after GC invocations=41 (full 0):
 garbage-first heap   total 305152K, used 196670K [0x000000070a600000, 0x0000000800000000)
  region size 2048K, 5 young (10240K), 5 survivors (10240K)
 Metaspace       used 94271K, committed 94592K, reserved 1179648K
  class space    used 9699K, committed 9856K, reserved 1048576K
}
Event: 142.441 GC heap before
{Heap before GC invocations=42 (full 0):
 garbage-first heap   total 331776K, used 278590K [0x000000070a600000, 0x0000000800000000)
  region size 2048K, 45 young (92160K), 5 survivors (10240K)
 Metaspace       used 100238K, committed 100672K, reserved 1179648K
  class space    used 10192K, committed 10368K, reserved 1048576K
}
Event: 142.467 GC heap after
{Heap after GC invocations=43 (full 0):
 garbage-first heap   total 331776K, used 203532K [0x000000070a600000, 0x0000000800000000)
  region size 2048K, 5 young (10240K), 5 survivors (10240K)
 Metaspace       used 100238K, committed 100672K, reserved 1179648K
  class space    used 10192K, committed 10368K, reserved 1048576K
}

